/*C4*/SET SCHEMA PUBLIC
DISCONNECT
/*C5*/SET SCHEMA PUBLIC
INSERT INTO DOCUMENTOCOMERCIAL VALUES('Factura','402888e583c019220183c01a24990000',2022,'2022-10-09',5,'',2,NULL)
INSERT INTO DOCUMENTOCOMERCIAL_DETALLES VALUES('402888e583c019220183c01a24990000',0,3)
COMMIT
INSERT INTO CLIENTE VALUES(4,'Erik Daniel',NULL,NULL,NULL,NULL)
COMMIT
INSERT INTO DOCUMENTOCOMERCIAL VALUES('Factura','402888e583c019220183c01e088a0001',2022,'2022-10-09',6,'',4,NULL)
INSERT INTO DOCUMENTOCOMERCIAL_DETALLES VALUES('402888e583c019220183c01e088a0001',0,3)
COMMIT
DELETE FROM DOCUMENTOCOMERCIAL WHERE OID='402888e583c019220183c01e088a0001'
INSERT INTO DOCUMENTOCOMERCIAL VALUES('Factura','402888e583c019220183c01e088a0001',2022,'2022-10-09',6,'Mal',4,NULL)
DELETE FROM DOCUMENTOCOMERCIAL_DETALLES WHERE DOCUMENTOCOMERCIAL_OID='402888e583c019220183c01e088a0001' AND CANTIDAD=0 AND PRODUCTO_NUMERO=3
INSERT INTO DOCUMENTOCOMERCIAL_DETALLES VALUES('402888e583c019220183c01e088a0001',6,3)
COMMIT
DELETE FROM CLIENTE WHERE NUMERO=4
INSERT INTO CLIENTE VALUES(4,'Erik Daniel Novelo',NULL,NULL,NULL,NULL)
COMMIT
INSERT INTO DOCUMENTOCOMERCIAL VALUES('Pedido','402888e583c019220183c0270ef20005',2022,'2022-10-09',7,'',4,'402888e583c019220183c01e088a0001')
INSERT INTO DOCUMENTOCOMERCIAL_DETALLES VALUES('402888e583c019220183c0270ef20005',6,3)
COMMIT
DELETE FROM DOCUMENTOCOMERCIAL WHERE OID='402888e583c013c60183c016c3130000'
INSERT INTO DOCUMENTOCOMERCIAL VALUES('Pedido','402888e583c013c60183c016c3130000',2022,'2022-10-09',4,'',88,'402888e583c019220183c01e088a0001')
COMMIT
DELETE FROM DOCUMENTOCOMERCIAL WHERE OID='402888e583bff5a00183bffab70a0002'
INSERT INTO DOCUMENTOCOMERCIAL VALUES('Pedido','402888e583bff5a00183bffab70a0002',2022,'2022-10-09',3,'bueno',2,'402888e583c019220183c01e088a0001')
COMMIT
DELETE FROM DOCUMENTOCOMERCIAL_DETALLES WHERE DOCUMENTOCOMERCIAL_OID='402888e583c019220183c01e088a0001' AND CANTIDAD=6 AND PRODUCTO_NUMERO=3
INSERT INTO DOCUMENTOCOMERCIAL_DETALLES VALUES('402888e583c019220183c01e088a0001',6,3)
COMMIT
